<?xml version="1.0" encoding="UTF-8"?>
<testsuite xmlns:xsi="http://www.w3.org/2001/XMLSchema-instance" xsi:noNamespaceSchemaLocation="https://maven.apache.org/surefire/maven-surefire-plugin/xsd/surefire-test-report-3.0.xsd" version="3.0" name="co.edu.uptc.service.InvestmentServiceTest" time="0.564" tests="12" errors="0" skipped="0" failures="0">
  <properties>
[...]
</properties>
  <testcase name="createInversion_throwsIncompatibleRiskProfile" classname="co.edu.uptc.service.InvestmentServiceTest" time="0.2">
    <system-out><![CDATA[Capital disponible recibido: 500.0
Precio total inversión: 20.0
]]></system-out>
  </testcase>
  <testcase name="calculateYieldPercentage_returnsPercent" classname="co.edu.uptc.service.InvestmentServiceTest" time="0.012"/>
  <testcase name="validateAvailableCapital_returnsTrueWhenEnough" classname="co.edu.uptc.service.InvestmentServiceTest" time="0.013"/>
  <testcase name="validateRiskProfile_throwsWhenIncompatible" classname="co.edu.uptc.service.InvestmentServiceTest" time="0.01"/>
  <testcase name="getInvestmentsByInvestorId_returnsOnlyMatchingInvestor" classname="co.edu.uptc.service.InvestmentServiceTest" time="0.237">
    <system-out><![CDATA[Capital disponible recibido: 500.0
Precio total inversión: 10.0
Capital disponible recibido: 500.0
Precio total inversión: 10.0
]]></system-out>
  </testcase>
  <testcase name="calculateEarnings_returnsDifference" classname="co.edu.uptc.service.InvestmentServiceTest" time="0.008"/>
  <testcase name="calculateYieldPercentage_returnsZeroWhenPurchasePriceZero" classname="co.edu.uptc.service.InvestmentServiceTest" time="0.009"/>
  <testcase name="createInversion_throwsInsufficientCapital" classname="co.edu.uptc.service.InvestmentServiceTest" time="0.012">
    <system-out><![CDATA[Capital disponible recibido: 10.0
Precio total inversión: 100.0
]]></system-out>
  </testcase>
  <testcase name="calculateInitialInvestment_multipliesPurchaseByAmount" classname="co.edu.uptc.service.InvestmentServiceTest" time="0.009"/>
  <testcase name="validateRiskProfile_doesNotThrowWhenCompatible" classname="co.edu.uptc.service.InvestmentServiceTest" time="0.007"/>
  <testcase name="createInversion_persistsWhenCapitalAndRiskValid" classname="co.edu.uptc.service.InvestmentServiceTest" time="0.013">
    <system-out><![CDATA[Capital disponible recibido: 500.0
Precio total inversión: 100.0
]]></system-out>
  </testcase>
  <testcase name="calculateActualValue_multipliesPriceByAmount" classname="co.edu.uptc.service.InvestmentServiceTest" time="0.01"/>
</testsuite>